  C:freeglut.dll
  C:glew32.dll
  C:glew32s.dll
  3 File(s) copied
  C:glfw3.dll
  C:glfw3dll.dll
  C:glfw3_mt.dll
  3 File(s) copied
  C:SOIL.dll
  1 File(s) copied
  main.cpp
C:\Users\Administrator\source\repos\Proiect 3D\Proiect 3D\main.cpp(16,14): warning C4244: 'initializing': conversion from 'double' to 'float', possible loss of data
C:\Users\Administrator\source\repos\Proiect 3D\Proiect 3D\main.cpp(427,42): warning C4244: 'argument': conversion from 'double' to 'GLfloat', possible loss of data
C:\Users\Administrator\source\repos\Proiect 3D\Proiect 3D\main.cpp(427,25): warning C4244: 'argument': conversion from 'double' to 'GLfloat', possible loss of data
C:\Users\Administrator\source\repos\Proiect 3D\Proiect 3D\main.cpp(432,43): warning C4244: 'argument': conversion from 'double' to 'GLfloat', possible loss of data
C:\Users\Administrator\source\repos\Proiect 3D\Proiect 3D\main.cpp(432,26): warning C4244: 'argument': conversion from 'double' to 'GLfloat', possible loss of data
C:\Users\Administrator\source\repos\Proiect 3D\Proiect 3D\main.cpp(439,44): warning C4244: 'argument': conversion from 'double' to 'GLfloat', possible loss of data
C:\Users\Administrator\source\repos\Proiect 3D\Proiect 3D\main.cpp(439,26): warning C4244: 'argument': conversion from 'double' to 'GLfloat', possible loss of data
C:\Users\Administrator\source\repos\Proiect 3D\Proiect 3D\main.cpp(454,11): warning C4244: '=': conversion from 'double' to 'float', possible loss of data
C:\Users\Administrator\source\repos\Proiect 3D\Proiect 3D\main.cpp(455,8): warning C4244: '=': conversion from 'double' to 'float', possible loss of data
C:\Users\Administrator\source\repos\Proiect 3D\Proiect 3D\main.cpp(460,11): warning C4244: '=': conversion from 'double' to 'float', possible loss of data
C:\Users\Administrator\source\repos\Proiect 3D\Proiect 3D\main.cpp(461,8): warning C4244: '=': conversion from 'double' to 'float', possible loss of data
C:\Users\Administrator\source\repos\Proiect 3D\Proiect 3D\main.cpp(464,11): warning C4244: '+=': conversion from 'float' to 'int', possible loss of data
C:\Users\Administrator\source\repos\Proiect 3D\Proiect 3D\main.cpp(468,11): warning C4244: '-=': conversion from 'float' to 'int', possible loss of data
C:\Users\Administrator\source\repos\Proiect 3D\Proiect 3D\main.cpp(485,11): warning C4244: '=': conversion from 'double' to 'float', possible loss of data
C:\Users\Administrator\source\repos\Proiect 3D\Proiect 3D\main.cpp(486,8): warning C4244: '=': conversion from 'double' to 'float', possible loss of data
C:\Users\Administrator\source\repos\Proiect 3D\Proiect 3D\main.cpp(490,11): warning C4244: '=': conversion from 'double' to 'float', possible loss of data
C:\Users\Administrator\source\repos\Proiect 3D\Proiect 3D\main.cpp(491,8): warning C4244: '=': conversion from 'double' to 'float', possible loss of data
  Proiect 3D.vcxproj -> C:\Users\Administrator\source\repos\Proiect 3D\Debug\Proiect 3D.exe
  0 File(s) copied
  0 File(s) copied
